{"C:\\Users\\gideao.frota\\Documents\\mccarren-challenge\\src\\components\\ProfileGenerator.tsx": {"path":"C:\\Users\\gideao.frota\\Documents\\mccarren-challenge\\src\\components\\ProfileGenerator.tsx","statementMap":{"0":{"start":{"line":13,"column":24},"end":{"line":13,"column":36}},"1":{"start":{"line":14,"column":32},"end":{"line":14,"column":47}},"2":{"start":{"line":15,"column":28},"end":{"line":15,"column":40}},"3":{"start":{"line":17,"column":26},"end":{"line":43,"column":3}},"4":{"start":{"line":18,"column":4},"end":{"line":21,"column":5}},"5":{"start":{"line":19,"column":6},"end":{"line":19,"column":46}},"6":{"start":{"line":20,"column":6},"end":{"line":20,"column":13}},"7":{"start":{"line":23,"column":4},"end":{"line":29,"column":5}},"8":{"start":{"line":24,"column":6},"end":{"line":24,"column":19}},"9":{"start":{"line":26,"column":6},"end":{"line":26,"column":39}},"10":{"start":{"line":27,"column":6},"end":{"line":27,"column":71}},"11":{"start":{"line":28,"column":6},"end":{"line":28,"column":13}},"12":{"start":{"line":31,"column":4},"end":{"line":31,"column":21}},"13":{"start":{"line":32,"column":4},"end":{"line":32,"column":17}},"14":{"start":{"line":34,"column":4},"end":{"line":42,"column":5}},"15":{"start":{"line":35,"column":31},"end":{"line":35,"column":64}},"16":{"start":{"line":36,"column":6},"end":{"line":36,"column":43}},"17":{"start":{"line":37,"column":6},"end":{"line":37,"column":24}},"18":{"start":{"line":39,"column":6},"end":{"line":39,"column":64}},"19":{"start":{"line":40,"column":6},"end":{"line":40,"column":70}},"20":{"start":{"line":41,"column":6},"end":{"line":41,"column":24}},"21":{"start":{"line":45,"column":2},"end":{"line":61,"column":4}},"22":{"start":{"line":50,"column":25},"end":{"line":50,"column":47}}},"fnMap":{"0":{"name":"ProfileGenerator","decl":{"start":{"line":12,"column":24},"end":{"line":12,"column":40}},"loc":{"start":{"line":12,"column":88},"end":{"line":62,"column":1}},"line":12},"1":{"name":"(anonymous_1)","decl":{"start":{"line":17,"column":26},"end":{"line":17,"column":27}},"loc":{"start":{"line":17,"column":38},"end":{"line":43,"column":3}},"line":17},"2":{"name":"(anonymous_2)","decl":{"start":{"line":50,"column":18},"end":{"line":50,"column":19}},"loc":{"start":{"line":50,"column":25},"end":{"line":50,"column":47}},"line":50}},"branchMap":{"0":{"loc":{"start":{"line":18,"column":4},"end":{"line":21,"column":5}},"type":"if","locations":[{"start":{"line":18,"column":4},"end":{"line":21,"column":5}},{"start":{},"end":{}}],"line":18},"1":{"loc":{"start":{"line":55,"column":9},"end":{"line":55,"column":60}},"type":"binary-expr","locations":[{"start":{"line":55,"column":9},"end":{"line":55,"column":16}},{"start":{"line":55,"column":20},"end":{"line":55,"column":60}}],"line":55},"2":{"loc":{"start":{"line":59,"column":7},"end":{"line":59,"column":64}},"type":"binary-expr","locations":[{"start":{"line":59,"column":7},"end":{"line":59,"column":12}},{"start":{"line":59,"column":16},"end":{"line":59,"column":64}}],"line":59}},"s":{"0":9,"1":9,"2":9,"3":9,"4":3,"5":1,"6":1,"7":2,"8":2,"9":1,"10":1,"11":1,"12":1,"13":1,"14":1,"15":1,"16":1,"17":1,"18":0,"19":0,"20":0,"21":9,"22":2},"f":{"0":9,"1":3,"2":2},"b":{"0":[1,2],"1":[9,1],"2":[9,2]},"_coverageSchema":"1a1c01bbd47fc00a2c39e90264f33305004495a9","hash":"6e278b812d8a5b2631daf469c53ab3b0464cb209"}
,"C:\\Users\\gideao.frota\\Documents\\mccarren-challenge\\src\\components\\ui\\button.tsx": {"path":"C:\\Users\\gideao.frota\\Documents\\mccarren-challenge\\src\\components\\ui\\button.tsx","statementMap":{"0":{"start":{"line":7,"column":23},"end":{"line":36,"column":1}},"1":{"start":{"line":48,"column":15},"end":{"line":48,"column":40}},"2":{"start":{"line":50,"column":2},"end":{"line":56,"column":3}}},"fnMap":{"0":{"name":"Button","decl":{"start":{"line":38,"column":9},"end":{"line":38,"column":15}},"loc":{"start":{"line":47,"column":5},"end":{"line":57,"column":1}},"line":47}},"branchMap":{"0":{"loc":{"start":{"line":42,"column":2},"end":{"line":42,"column":17}},"type":"default-arg","locations":[{"start":{"line":42,"column":12},"end":{"line":42,"column":17}}],"line":42},"1":{"loc":{"start":{"line":48,"column":15},"end":{"line":48,"column":40}},"type":"cond-expr","locations":[{"start":{"line":48,"column":25},"end":{"line":48,"column":29}},{"start":{"line":48,"column":32},"end":{"line":48,"column":40}}],"line":48}},"s":{"0":1,"1":9,"2":9},"f":{"0":9},"b":{"0":[9],"1":[0,9]},"_coverageSchema":"1a1c01bbd47fc00a2c39e90264f33305004495a9","hash":"25f9702105cbca194e1c0979aa4ea6785539ffd1"}
,"C:\\Users\\gideao.frota\\Documents\\mccarren-challenge\\src\\components\\ui\\input.tsx": {"path":"C:\\Users\\gideao.frota\\Documents\\mccarren-challenge\\src\\components\\ui\\input.tsx","statementMap":{"0":{"start":{"line":6,"column":2},"end":{"line":18,"column":3}}},"fnMap":{"0":{"name":"Input","decl":{"start":{"line":5,"column":9},"end":{"line":5,"column":14}},"loc":{"start":{"line":5,"column":77},"end":{"line":19,"column":1}},"line":5}},"branchMap":{},"s":{"0":9},"f":{"0":9},"b":{},"_coverageSchema":"1a1c01bbd47fc00a2c39e90264f33305004495a9","hash":"ebd1e2f18b7b1502d3947c4148dbce797bf7933d"}
,"C:\\Users\\gideao.frota\\Documents\\mccarren-challenge\\src\\lib\\utils.ts": {"path":"C:\\Users\\gideao.frota\\Documents\\mccarren-challenge\\src\\lib\\utils.ts","statementMap":{"0":{"start":{"line":5,"column":2},"end":{"line":5,"column":30}}},"fnMap":{"0":{"name":"cn","decl":{"start":{"line":4,"column":16},"end":{"line":4,"column":18}},"loc":{"start":{"line":4,"column":44},"end":{"line":6,"column":1}},"line":4}},"branchMap":{},"s":{"0":18},"f":{"0":18},"b":{},"_coverageSchema":"1a1c01bbd47fc00a2c39e90264f33305004495a9","hash":"1f92d2f3813546d75f579301abadb362a9ca59a4"}
}
