TN:
SF:src\components\ProfileGenerator.tsx
FN:12,ProfileGenerator
FN:17,(anonymous_1)
FN:50,(anonymous_2)
FNF:3
FNH:3
FNDA:9,ProfileGenerator
FNDA:3,(anonymous_1)
FNDA:2,(anonymous_2)
DA:13,9
DA:14,9
DA:15,9
DA:17,9
DA:18,3
DA:19,1
DA:20,1
DA:23,2
DA:24,2
DA:26,1
DA:27,1
DA:28,1
DA:31,1
DA:32,1
DA:34,1
DA:35,1
DA:36,1
DA:37,1
DA:39,0
DA:40,0
DA:41,0
DA:45,9
DA:50,2
LF:23
LH:20
BRDA:18,0,0,1
BRDA:18,0,1,2
BRDA:55,1,0,9
BRDA:55,1,1,1
BRDA:59,2,0,9
BRDA:59,2,1,2
BRF:6
BRH:6
end_of_record
TN:
SF:src\components\ui\button.tsx
FN:38,Button
FNF:1
FNH:1
FNDA:9,Button
DA:7,1
DA:48,9
DA:50,9
LF:3
LH:3
BRDA:42,0,0,9
BRDA:48,1,0,0
BRDA:48,1,1,9
BRF:3
BRH:2
end_of_record
TN:
SF:src\components\ui\input.tsx
FN:5,Input
FNF:1
FNH:1
FNDA:9,Input
DA:6,9
LF:1
LH:1
BRF:0
BRH:0
end_of_record
TN:
SF:src\lib\utils.ts
FN:4,cn
FNF:1
FNH:1
FNDA:18,cn
DA:5,18
LF:1
LH:1
BRF:0
BRH:0
end_of_record
